<?xml version="1.0" encoding="UTF-8"?>
<!-- Generated by org.testng.reporters.JUnitReportReporter -->
<testsuite hostname="DESKTOP-53SDACD" name="bookingTickets.BookTicketsValidation" tests="2" failures="0" timestamp="18 Apr 2019 02:09:30 GMT" time="140.787" errors="0">
  <testcase name="f" time="109.127" classname="bookingTickets.BookTicketsValidation"/>
  <testcase name="f" time="31.660" classname="bookingTickets.BookTicketsValidation"/>
</testsuite> <!-- bookingTickets.BookTicketsValidation -->
