<?xml version="1.0" encoding="UTF-8"?>
<!-- Generated by org.testng.reporters.JUnitReportReporter -->
<testsuite hostname="DESKTOP-53SDACD" name="testpack.DataProviderDemo" tests="2" failures="0" timestamp="10 Apr 2019 02:33:44 GMT" time="0.000" errors="0">
  <testcase name="f" time="0.000" classname="testpack.DataProviderDemo"/>
  <testcase name="f" time="0.000" classname="testpack.DataProviderDemo"/>
</testsuite> <!-- testpack.DataProviderDemo -->
